<?xml version="1.0" encoding="UTF-8"?>
<!-- Generated by org.testng.reporters.JUnitXMLReporter -->
<testsuite ignored="0" hostname="Supriya-PC" failures="0" tests="6" name="Default test" time="3.943" errors="0" timestamp="2025-07-25T17:47:59 IST">
  <testcase classname="basic.DynamicJson" name="addBookTest" time="2.243"/>
  <testcase classname="basic.DynamicJson" name="addBookTest" time="0.444"/>
  <testcase classname="basic.DynamicJson" name="addBookTest" time="0.298"/>
  <testcase classname="basic.DynamicJson" name="deleteBookTest" time="0.295"/>
  <testcase classname="basic.DynamicJson" name="deleteBookTest" time="0.295"/>
  <testcase classname="basic.DynamicJson" name="deleteBookTest" time="0.306"/>
</testsuite> <!-- Default test -->
