<?xml version="1.0" encoding="UTF-8"?>
<!-- Generated by org.testng.reporters.JUnitXMLReporter -->
<testsuite ignored="0" hostname="Supriya-PC" failures="0" tests="6" name="Test" time="3.776" errors="0" timestamp="2025-07-25T17:49:09 IST">
  <testcase classname="basic.DynamicJson" name="addBookTest" time="2.172"/>
  <testcase classname="basic.DynamicJson" name="addBookTest" time="0.337"/>
  <testcase classname="basic.DynamicJson" name="addBookTest" time="0.298"/>
  <testcase classname="basic.DynamicJson" name="deleteBookTest" time="0.3"/>
  <testcase classname="basic.DynamicJson" name="deleteBookTest" time="0.305"/>
  <testcase classname="basic.DynamicJson" name="deleteBookTest" time="0.315"/>
</testsuite> <!-- Test -->
