<?xml version="1.0" encoding="UTF-8"?>
<!-- Generated by org.testng.reporters.JUnitXMLReporter -->
<testsuite ignored="0" hostname="Supriya-PC" failures="0" tests="6" name="Test" time="4.449" errors="0" timestamp="2025-07-25T20:31:18 IST">
  <testcase classname="basic.DynamicJson" name="addBookTest" time="2.281"/>
  <testcase classname="basic.DynamicJson" name="addBookTest" time="0.543"/>
  <testcase classname="basic.DynamicJson" name="addBookTest" time="0.375"/>
  <testcase classname="basic.DynamicJson" name="deleteBookTest" time="0.405"/>
  <testcase classname="basic.DynamicJson" name="deleteBookTest" time="0.396"/>
  <testcase classname="basic.DynamicJson" name="deleteBookTest" time="0.395"/>
</testsuite> <!-- Test -->
