<?xml version="1.0" encoding="UTF-8"?>
<testsuite xmlns:xsi="http://www.w3.org/2001/XMLSchema-instance" xsi:noNamespaceSchemaLocation="https://maven.apache.org/surefire/maven-surefire-plugin/xsd/surefire-test-report-3.0.xsd" version="3.0" name="TestSuite" time="5.016" tests="6" errors="0" skipped="0" failures="0">
  <properties>
[...]
</properties>
  <testcase name="addBookTest[Sup, 211](1)" classname="basic.DynamicJson" time="2.282">
    <system-out><![CDATA[Sup211
]]></system-out>
    <system-err><![CDATA[SLF4J(W): No SLF4J providers were found.
SLF4J(W): Defaulting to no-operation (NOP) logger implementation
SLF4J(W): See https://www.slf4j.org/codes.html#noProviders for further details.
]]></system-err>
  </testcase>
  <testcase name="addBookTest[Sup, 212](2)" classname="basic.DynamicJson" time="0.597">
    <system-out><![CDATA[Sup212
]]></system-out>
  </testcase>
  <testcase name="addBookTest[Sup, 213](3)" classname="basic.DynamicJson" time="0.321">
    <system-out><![CDATA[Sup213
]]></system-out>
  </testcase>
  <testcase name="deleteBookTest[Sup, 211](1)" classname="basic.DynamicJson" time="0.406"/>
  <testcase name="deleteBookTest[Sup, 212](2)" classname="basic.DynamicJson" time="0.397"/>
  <testcase name="deleteBookTest[Sup, 213](3)" classname="basic.DynamicJson" time="0.397"/>
</testsuite>