<?xml version="1.0" encoding="UTF-8"?>
<testng-results ignored="0" total="6" passed="6" failed="0" skipped="0">
  <reporter-output>
  </reporter-output>
  <suite started-at="2025-07-25T20:31:14 IST" name="Suite" finished-at="2025-07-25T20:31:18 IST" duration-ms="4449">
    <groups>
    </groups>
    <test started-at="2025-07-25T20:31:14 IST" name="Test" finished-at="2025-07-25T20:31:18 IST" duration-ms="4449">
      <class name="basic.DynamicJson">
        <test-method signature="addBookTest(java.lang.String,java.lang.String)[pri:0, instance:basic.DynamicJson@4facf68f]" started-at="2025-07-25T20:31:14 IST" name="addBookTest" data-provider="BooksData" finished-at="2025-07-25T20:31:16 IST" duration-ms="2281" status="PASS">
          <params>
            <param index="0">
              <value>
                <![CDATA[Sup]]>
              </value>
            </param>
            <param index="1">
              <value>
                <![CDATA[211]]>
              </value>
            </param>
          </params>
          <reporter-output>
          </reporter-output>
        </test-method> <!-- addBookTest -->
        <test-method signature="addBookTest(java.lang.String,java.lang.String)[pri:0, instance:basic.DynamicJson@4facf68f]" started-at="2025-07-25T20:31:16 IST" name="addBookTest" data-provider="BooksData" finished-at="2025-07-25T20:31:17 IST" duration-ms="543" status="PASS">
          <params>
            <param index="0">
              <value>
                <![CDATA[Sup]]>
              </value>
            </param>
            <param index="1">
              <value>
                <![CDATA[212]]>
              </value>
            </param>
          </params>
          <reporter-output>
          </reporter-output>
        </test-method> <!-- addBookTest -->
        <test-method signature="addBookTest(java.lang.String,java.lang.String)[pri:0, instance:basic.DynamicJson@4facf68f]" started-at="2025-07-25T20:31:17 IST" name="addBookTest" data-provider="BooksData" finished-at="2025-07-25T20:31:17 IST" duration-ms="375" status="PASS">
          <params>
            <param index="0">
              <value>
                <![CDATA[Sup]]>
              </value>
            </param>
            <param index="1">
              <value>
                <![CDATA[213]]>
              </value>
            </param>
          </params>
          <reporter-output>
          </reporter-output>
        </test-method> <!-- addBookTest -->
        <test-method signature="deleteBookTest(java.lang.String,java.lang.String)[pri:0, instance:basic.DynamicJson@4facf68f]" started-at="2025-07-25T20:31:17 IST" name="deleteBookTest" data-provider="BooksData" finished-at="2025-07-25T20:31:17 IST" duration-ms="405" status="PASS">
          <params>
            <param index="0">
              <value>
                <![CDATA[Sup]]>
              </value>
            </param>
            <param index="1">
              <value>
                <![CDATA[211]]>
              </value>
            </param>
          </params>
          <reporter-output>
          </reporter-output>
        </test-method> <!-- deleteBookTest -->
        <test-method signature="deleteBookTest(java.lang.String,java.lang.String)[pri:0, instance:basic.DynamicJson@4facf68f]" started-at="2025-07-25T20:31:17 IST" name="deleteBookTest" data-provider="BooksData" finished-at="2025-07-25T20:31:18 IST" duration-ms="396" status="PASS">
          <params>
            <param index="0">
              <value>
                <![CDATA[Sup]]>
              </value>
            </param>
            <param index="1">
              <value>
                <![CDATA[212]]>
              </value>
            </param>
          </params>
          <reporter-output>
          </reporter-output>
        </test-method> <!-- deleteBookTest -->
        <test-method signature="deleteBookTest(java.lang.String,java.lang.String)[pri:0, instance:basic.DynamicJson@4facf68f]" started-at="2025-07-25T20:31:18 IST" name="deleteBookTest" data-provider="BooksData" finished-at="2025-07-25T20:31:18 IST" duration-ms="395" status="PASS">
          <params>
            <param index="0">
              <value>
                <![CDATA[Sup]]>
              </value>
            </param>
            <param index="1">
              <value>
                <![CDATA[213]]>
              </value>
            </param>
          </params>
          <reporter-output>
          </reporter-output>
        </test-method> <!-- deleteBookTest -->
      </class> <!-- basic.DynamicJson -->
    </test> <!-- Test -->
  </suite> <!-- Suite -->
</testng-results>
