<?xml version="1.0" encoding="UTF-8"?>
<testng-results ignored="0" total="6" passed="6" failed="0" skipped="0">
  <reporter-output>
  </reporter-output>
  <suite started-at="2025-06-22T21:02:17 IST" name="Default suite" finished-at="2025-06-22T21:02:20 IST" duration-ms="2407">
    <groups>
    </groups>
    <test started-at="2025-06-22T21:02:17 IST" name="Default test" finished-at="2025-06-22T21:02:20 IST" duration-ms="2407">
      <class name="basic.DynamicJson">
        <test-method signature="addBookTest(java.lang.String,java.lang.String)[pri:0, instance:basic.DynamicJson@5b12b668]" started-at="2025-06-22T21:02:17 IST" name="addBookTest" data-provider="BooksData" finished-at="2025-06-22T21:02:19 IST" duration-ms="1683" status="PASS">
          <params>
            <param index="0">
              <value>
                <![CDATA[Sup]]>
              </value>
            </param>
            <param index="1">
              <value>
                <![CDATA[211]]>
              </value>
            </param>
          </params>
          <reporter-output>
          </reporter-output>
        </test-method> <!-- addBookTest -->
        <test-method signature="addBookTest(java.lang.String,java.lang.String)[pri:0, instance:basic.DynamicJson@5b12b668]" started-at="2025-06-22T21:02:19 IST" name="addBookTest" data-provider="BooksData" finished-at="2025-06-22T21:02:19 IST" duration-ms="160" status="PASS">
          <params>
            <param index="0">
              <value>
                <![CDATA[Sup]]>
              </value>
            </param>
            <param index="1">
              <value>
                <![CDATA[212]]>
              </value>
            </param>
          </params>
          <reporter-output>
          </reporter-output>
        </test-method> <!-- addBookTest -->
        <test-method signature="addBookTest(java.lang.String,java.lang.String)[pri:0, instance:basic.DynamicJson@5b12b668]" started-at="2025-06-22T21:02:19 IST" name="addBookTest" data-provider="BooksData" finished-at="2025-06-22T21:02:19 IST" duration-ms="134" status="PASS">
          <params>
            <param index="0">
              <value>
                <![CDATA[Sup]]>
              </value>
            </param>
            <param index="1">
              <value>
                <![CDATA[213]]>
              </value>
            </param>
          </params>
          <reporter-output>
          </reporter-output>
        </test-method> <!-- addBookTest -->
        <test-method signature="deleteBookTest(java.lang.String,java.lang.String)[pri:0, instance:basic.DynamicJson@5b12b668]" started-at="2025-06-22T21:02:19 IST" name="deleteBookTest" data-provider="BooksData" finished-at="2025-06-22T21:02:20 IST" duration-ms="139" status="PASS">
          <params>
            <param index="0">
              <value>
                <![CDATA[Sup]]>
              </value>
            </param>
            <param index="1">
              <value>
                <![CDATA[211]]>
              </value>
            </param>
          </params>
          <reporter-output>
          </reporter-output>
        </test-method> <!-- deleteBookTest -->
        <test-method signature="deleteBookTest(java.lang.String,java.lang.String)[pri:0, instance:basic.DynamicJson@5b12b668]" started-at="2025-06-22T21:02:20 IST" name="deleteBookTest" data-provider="BooksData" finished-at="2025-06-22T21:02:20 IST" duration-ms="102" status="PASS">
          <params>
            <param index="0">
              <value>
                <![CDATA[Sup]]>
              </value>
            </param>
            <param index="1">
              <value>
                <![CDATA[212]]>
              </value>
            </param>
          </params>
          <reporter-output>
          </reporter-output>
        </test-method> <!-- deleteBookTest -->
        <test-method signature="deleteBookTest(java.lang.String,java.lang.String)[pri:0, instance:basic.DynamicJson@5b12b668]" started-at="2025-06-22T21:02:20 IST" name="deleteBookTest" data-provider="BooksData" finished-at="2025-06-22T21:02:20 IST" duration-ms="148" status="PASS">
          <params>
            <param index="0">
              <value>
                <![CDATA[Sup]]>
              </value>
            </param>
            <param index="1">
              <value>
                <![CDATA[213]]>
              </value>
            </param>
          </params>
          <reporter-output>
          </reporter-output>
        </test-method> <!-- deleteBookTest -->
      </class> <!-- basic.DynamicJson -->
    </test> <!-- Default test -->
  </suite> <!-- Default suite -->
</testng-results>
