<?xml version="1.0" encoding="UTF-8"?>
<testng-results ignored="0" total="6" passed="6" failed="0" skipped="0">
  <reporter-output>
  </reporter-output>
  <suite started-at="2025-07-25T17:49:05 IST" name="Suite" finished-at="2025-07-25T17:49:09 IST" duration-ms="3776">
    <groups>
    </groups>
    <test started-at="2025-07-25T17:49:05 IST" name="Test" finished-at="2025-07-25T17:49:09 IST" duration-ms="3776">
      <class name="basic.DynamicJson">
        <test-method signature="addBookTest(java.lang.String,java.lang.String)[pri:0, instance:basic.DynamicJson@5542c4ed]" started-at="2025-07-25T17:49:05 IST" name="addBookTest" data-provider="BooksData" finished-at="2025-07-25T17:49:08 IST" duration-ms="2172" status="PASS">
          <params>
            <param index="0">
              <value>
                <![CDATA[Sup]]>
              </value>
            </param>
            <param index="1">
              <value>
                <![CDATA[211]]>
              </value>
            </param>
          </params>
          <reporter-output>
          </reporter-output>
        </test-method> <!-- addBookTest -->
        <test-method signature="addBookTest(java.lang.String,java.lang.String)[pri:0, instance:basic.DynamicJson@5542c4ed]" started-at="2025-07-25T17:49:08 IST" name="addBookTest" data-provider="BooksData" finished-at="2025-07-25T17:49:08 IST" duration-ms="337" status="PASS">
          <params>
            <param index="0">
              <value>
                <![CDATA[Sup]]>
              </value>
            </param>
            <param index="1">
              <value>
                <![CDATA[212]]>
              </value>
            </param>
          </params>
          <reporter-output>
          </reporter-output>
        </test-method> <!-- addBookTest -->
        <test-method signature="addBookTest(java.lang.String,java.lang.String)[pri:0, instance:basic.DynamicJson@5542c4ed]" started-at="2025-07-25T17:49:08 IST" name="addBookTest" data-provider="BooksData" finished-at="2025-07-25T17:49:08 IST" duration-ms="298" status="PASS">
          <params>
            <param index="0">
              <value>
                <![CDATA[Sup]]>
              </value>
            </param>
            <param index="1">
              <value>
                <![CDATA[213]]>
              </value>
            </param>
          </params>
          <reporter-output>
          </reporter-output>
        </test-method> <!-- addBookTest -->
        <test-method signature="deleteBookTest(java.lang.String,java.lang.String)[pri:0, instance:basic.DynamicJson@5542c4ed]" started-at="2025-07-25T17:49:08 IST" name="deleteBookTest" data-provider="BooksData" finished-at="2025-07-25T17:49:09 IST" duration-ms="300" status="PASS">
          <params>
            <param index="0">
              <value>
                <![CDATA[Sup]]>
              </value>
            </param>
            <param index="1">
              <value>
                <![CDATA[211]]>
              </value>
            </param>
          </params>
          <reporter-output>
          </reporter-output>
        </test-method> <!-- deleteBookTest -->
        <test-method signature="deleteBookTest(java.lang.String,java.lang.String)[pri:0, instance:basic.DynamicJson@5542c4ed]" started-at="2025-07-25T17:49:09 IST" name="deleteBookTest" data-provider="BooksData" finished-at="2025-07-25T17:49:09 IST" duration-ms="305" status="PASS">
          <params>
            <param index="0">
              <value>
                <![CDATA[Sup]]>
              </value>
            </param>
            <param index="1">
              <value>
                <![CDATA[212]]>
              </value>
            </param>
          </params>
          <reporter-output>
          </reporter-output>
        </test-method> <!-- deleteBookTest -->
        <test-method signature="deleteBookTest(java.lang.String,java.lang.String)[pri:0, instance:basic.DynamicJson@5542c4ed]" started-at="2025-07-25T17:49:09 IST" name="deleteBookTest" data-provider="BooksData" finished-at="2025-07-25T17:49:09 IST" duration-ms="315" status="PASS">
          <params>
            <param index="0">
              <value>
                <![CDATA[Sup]]>
              </value>
            </param>
            <param index="1">
              <value>
                <![CDATA[213]]>
              </value>
            </param>
          </params>
          <reporter-output>
          </reporter-output>
        </test-method> <!-- deleteBookTest -->
      </class> <!-- basic.DynamicJson -->
    </test> <!-- Test -->
  </suite> <!-- Suite -->
</testng-results>
