<?xml version="1.0" encoding="UTF-8"?>
<!-- Generated by org.testng.reporters.JUnitReportReporter -->
<testsuite hostname="Supriya-PC" failures="0" tests="6" name="basic.DynamicJson" time="2.366" errors="0" timestamp="2025-06-22T21:02:20 IST" skipped="0">
  <testcase classname="basic.DynamicJson" name="deleteBookTest" time="0.102"/>
  <testcase classname="basic.DynamicJson" name="deleteBookTest" time="0.148"/>
  <testcase classname="basic.DynamicJson" name="addBookTest" time="1.683"/>
  <testcase classname="basic.DynamicJson" name="deleteBookTest" time="0.139"/>
  <testcase classname="basic.DynamicJson" name="addBookTest" time="0.134"/>
  <testcase classname="basic.DynamicJson" name="addBookTest" time="0.160"/>
</testsuite> <!-- basic.DynamicJson -->
