<?xml version="1.0" encoding="UTF-8"?>
<!-- Generated by org.testng.reporters.JUnitReportReporter -->
<testsuite hostname="Supriya-PC" failures="0" tests="6" name="basic.DynamicJson" time="3.727" errors="0" timestamp="2025-07-25T17:49:09 IST" skipped="0">
  <testcase classname="basic.DynamicJson" name="addBookTest" time="0.337"/>
  <testcase classname="basic.DynamicJson" name="deleteBookTest" time="0.315"/>
  <testcase classname="basic.DynamicJson" name="addBookTest" time="0.298"/>
  <testcase classname="basic.DynamicJson" name="addBookTest" time="2.172"/>
  <testcase classname="basic.DynamicJson" name="deleteBookTest" time="0.305"/>
  <testcase classname="basic.DynamicJson" name="deleteBookTest" time="0.300"/>
</testsuite> <!-- basic.DynamicJson -->
